This file contains any messages produced by compilers while
running configure, to aid debugging if configure makes a mistake.

It was created by configure, which was
generated by GNU Autoconf 2.57.  Invocation command line was

  $ ./configure 

## --------- ##
## Platform. ##
## --------- ##

hostname = cesium
uname -m = x86_64
uname -r = 2.6.31-16-generic
uname -s = Linux
uname -v = #53-Ubuntu SMP Tue Dec 8 04:02:15 UTC 2009

/usr/bin/uname -p = unknown
/bin/uname -X     = unknown

/bin/arch              = unknown
/usr/bin/arch -k       = unknown
/usr/convex/getsysinfo = unknown
hostinfo               = unknown
/bin/machine           = unknown
/usr/bin/oslevel       = unknown
/bin/universe          = unknown

PATH: .
PATH: /usr/bin/X11
PATH: /usr/local/bin
PATH: /usr/local/games
PATH: /usr/local/sbin
PATH: /usr/local/bin
PATH: /usr/sbin
PATH: /usr/bin
PATH: /sbin
PATH: /bin
PATH: /usr/games
PATH: /usr/bsd
PATH: /usr/etc
PATH: /usr/sbin
PATH: .
PATH: /home/moore/bin
PATH: /home/moore/shells


## ----------- ##
## Core tests. ##
## ----------- ##

configure:1288: checking for g++
configure:1304: found /usr/bin/X11/g++
configure:1314: result: g++
configure:1330: checking for C++ compiler version
configure:1333: g++ --version </dev/null >&5
g++ (Ubuntu 4.4.1-4ubuntu8) 4.4.1
Copyright (C) 2009 Free Software Foundation, Inc.
This is free software; see the source for copying conditions.  There is NO
warranty; not even for MERCHANTABILITY or FITNESS FOR A PARTICULAR PURPOSE.

configure:1336: $? = 0
configure:1338: g++ -v </dev/null >&5
Using built-in specs.
Target: x86_64-linux-gnu
Configured with: ../src/configure -v --with-pkgversion='Ubuntu 4.4.1-4ubuntu8' --with-bugurl=file:///usr/share/doc/gcc-4.4/README.Bugs --enable-languages=c,c++,fortran,objc,obj-c++ --prefix=/usr --enable-shared --enable-multiarch --enable-linker-build-id --with-system-zlib --libexecdir=/usr/lib --without-included-gettext --enable-threads=posix --with-gxx-include-dir=/usr/include/c++/4.4 --program-suffix=-4.4 --enable-nls --enable-clocale=gnu --enable-libstdcxx-debug --enable-objc-gc --disable-werror --with-arch-32=i486 --with-tune=generic --enable-checking=release --build=x86_64-linux-gnu --host=x86_64-linux-gnu --target=x86_64-linux-gnu
Thread model: posix
gcc version 4.4.1 (Ubuntu 4.4.1-4ubuntu8) 
configure:1341: $? = 0
configure:1343: g++ -V </dev/null >&5
g++: '-V' option must have argument
configure:1346: $? = 1
configure:1370: checking for C++ compiler default output
configure:1373: g++    conftest.cc  >&5
configure:1376: $? = 0
configure:1422: result: a.out
configure:1427: checking whether the C++ compiler works
configure:1433: ./a.out
configure:1436: $? = 0
configure:1453: result: yes
configure:1460: checking whether we are cross compiling
configure:1462: result: no
configure:1465: checking for suffix of executables
configure:1467: g++ -o conftest    conftest.cc  >&5
configure:1470: $? = 0
configure:1495: result: 
configure:1501: checking for suffix of object files
configure:1523: g++ -c   conftest.cc >&5
configure:1526: $? = 0
configure:1548: result: o
configure:1552: checking whether we are using the GNU C++ compiler
configure:1577: g++ -c   conftest.cc >&5
configure:1580: $? = 0
configure:1583: test -s conftest.o
configure:1586: $? = 0
configure:1599: result: yes
configure:1605: checking whether g++ accepts -g
configure:1627: g++ -c -g  conftest.cc >&5
configure:1630: $? = 0
configure:1633: test -s conftest.o
configure:1636: $? = 0
configure:1647: result: yes
configure:1691: g++ -c -g -O2  conftest.cc >&5
configure:1694: $? = 0
configure:1697: test -s conftest.o
configure:1700: $? = 0
configure:1727: g++ -c -g -O2  conftest.cc >&5
configure: In function 'int main()':
configure:1722: error: 'exit' was not declared in this scope
configure:1730: $? = 1
configure: failed program was:
| #line 1710 "configure"
| /* confdefs.h.  */
| 
| #define PACKAGE_NAME ""
| #define PACKAGE_TARNAME ""
| #define PACKAGE_VERSION ""
| #define PACKAGE_STRING ""
| #define PACKAGE_BUGREPORT ""
| /* end confdefs.h.  */
| 
| int
| main ()
| {
| exit (42);
|   ;
|   return 0;
| }
configure:1691: g++ -c -g -O2  conftest.cc >&5
configure:1694: $? = 0
configure:1697: test -s conftest.o
configure:1700: $? = 0
configure:1727: g++ -c -g -O2  conftest.cc >&5
configure:1730: $? = 0
configure:1733: test -s conftest.o
configure:1736: $? = 0
configure:1810: checking for ranlib
configure:1826: found /usr/bin/X11/ranlib
configure:1837: result: ranlib
configure:1849: checking whether make sets $(MAKE)
configure:1869: result: yes
configure:1880: checking for mv
configure:1898: found /bin/mv
configure:1910: result: /bin/mv
configure:1919: checking for cp
configure:1937: found /bin/cp
configure:1949: result: /bin/cp
configure:1958: checking for rm
configure:1976: found /bin/rm
configure:1988: result: /bin/rm
configure:1997: checking for touch
configure:2015: found /usr/bin/X11/touch
configure:2027: result: /usr/bin/X11/touch
configure:2036: checking for mpiCC
configure:2069: result: no
configure:2111: checking for a BSD-compatible install
configure:2165: result: /usr/bin/X11/install -c
configure:2213: g++ -o conftest -Wall   conftest.cc  >&5
configure:2214: warning: ISO C++ forbids declaration of 'main' with no type
configure:2216: $? = 0
configure:2218: ./conftest
configure:2221: $? = 0
configure:2251: g++ -o conftest -fullwarn   conftest.cc  >&5
cc1plus: error: unrecognized command line option "-fullwarn"
configure:2254: $? = 1
configure: program exited with status 1
configure: failed program was:
| #line 2241 "configure"
| /* confdefs.h.  */
| 
| #define PACKAGE_NAME ""
| #define PACKAGE_TARNAME ""
| #define PACKAGE_VERSION ""
| #define PACKAGE_STRING ""
| #define PACKAGE_BUGREPORT ""
| #ifdef __cplusplus
| #include <stdlib.h>
| #endif
| /* end confdefs.h.  */
| main(){}
configure:2275: checking for cbrt in -lm
configure:2306: g++ -o conftest -g -O2 -Wall   conftest.cc -lm   >&5
configure:2309: $? = 0
configure:2312: test -s conftest
configure:2315: $? = 0
configure:2327: result: yes
configure:2336: checking for pow in -lm
configure:2367: g++ -o conftest -g -O2 -Wall   conftest.cc -lm   -lm >&5
configure:2370: $? = 0
configure:2373: test -s conftest
configure:2376: $? = 0
configure:2388: result: yes
configure:2397: checking for MPI_Init in -lmpi
configure:2428: g++ -o conftest -g -O2 -Wall   conftest.cc -lmpi   -lm >&5
/usr/bin/X11/ld: cannot find -lmpi
collect2: ld returned 1 exit status
configure:2431: $? = 1
configure: failed program was:
| #line 2404 "configure"
| /* confdefs.h.  */
| 
| #define PACKAGE_NAME ""
| #define PACKAGE_TARNAME ""
| #define PACKAGE_VERSION ""
| #define PACKAGE_STRING ""
| #define PACKAGE_BUGREPORT ""
| #ifdef __cplusplus
| #include <stdlib.h>
| #endif
| /* end confdefs.h.  */
| 
| /* Override any gcc2 internal prototype to avoid an error.  */
| #ifdef __cplusplus
| extern "C"
| #endif
| /* We use char because int might match the return type of a gcc2
|    builtin and then its argument prototype would still apply.  */
| char MPI_Init ();
| int
| main ()
| {
| MPI_Init ();
|   ;
|   return 0;
| }
configure:2449: result: no
configure:2465: checking how to run the C++ preprocessor
configure:2497: g++ -E  conftest.cc
configure:2503: $? = 0
configure:2535: g++ -E  conftest.cc
configure:2537:28: error: ac_nonexistent.h: No such file or directory
configure:2541: $? = 1
configure: failed program was:
| #line 2526 "configure"
| /* confdefs.h.  */
| 
| #define PACKAGE_NAME ""
| #define PACKAGE_TARNAME ""
| #define PACKAGE_VERSION ""
| #define PACKAGE_STRING ""
| #define PACKAGE_BUGREPORT ""
| #ifdef __cplusplus
| #include <stdlib.h>
| #endif
| /* end confdefs.h.  */
| #include <ac_nonexistent.h>
configure:2579: result: g++ -E
configure:2604: g++ -E  conftest.cc
configure:2610: $? = 0
configure:2642: g++ -E  conftest.cc
configure:2644:28: error: ac_nonexistent.h: No such file or directory
configure:2648: $? = 1
configure: failed program was:
| #line 2633 "configure"
| /* confdefs.h.  */
| 
| #define PACKAGE_NAME ""
| #define PACKAGE_TARNAME ""
| #define PACKAGE_VERSION ""
| #define PACKAGE_STRING ""
| #define PACKAGE_BUGREPORT ""
| #ifdef __cplusplus
| #include <stdlib.h>
| #endif
| /* end confdefs.h.  */
| #include <ac_nonexistent.h>
configure:2691: checking for egrep
configure:2701: result: grep -E
configure:2706: checking for ANSI C header files
configure:2732: g++ -c -g -O2 -Wall  conftest.cc >&5
configure:2735: $? = 0
configure:2738: test -s conftest.o
configure:2741: $? = 0
configure:2833: g++ -o conftest -g -O2 -Wall   conftest.cc  -lm >&5
configure:2836: $? = 0
configure:2838: ./conftest
configure:2841: $? = 0
configure:2856: result: yes
configure:2872: checking for strdup
configure:2922: g++ -o conftest -g -O2 -Wall   conftest.cc  -lm >&5
configure:2925: $? = 0
configure:2928: test -s conftest
configure:2931: $? = 0
configure:2942: result: yes
configure:3081: creating ./config.status

## ---------------------- ##
## Running config.status. ##
## ---------------------- ##

This file was extended by config.status, which was
generated by GNU Autoconf 2.57.  Invocation command line was

  CONFIG_FILES    = 
  CONFIG_HEADERS  = 
  CONFIG_LINKS    = 
  CONFIG_COMMANDS = 
  $ ./config.status 

on cesium

config.status:619: creating Makefile
config.status:619: creating src/Makefile.mdmol
config.status:619: creating src/Makefile
config.status:619: creating analysis/Makefile
config.status:619: creating src/Makefile.mpi

## ---------------- ##
## Cache variables. ##
## ---------------- ##

ac_cv_cxx_compiler_gnu=yes
ac_cv_env_CPPFLAGS_set=
ac_cv_env_CPPFLAGS_value=
ac_cv_env_CXXCPP_set=
ac_cv_env_CXXCPP_value=
ac_cv_env_CXXFLAGS_set=
ac_cv_env_CXXFLAGS_value=
ac_cv_env_CXX_set=
ac_cv_env_CXX_value=
ac_cv_env_LDFLAGS_set=
ac_cv_env_LDFLAGS_value=
ac_cv_env_build_alias_set=
ac_cv_env_build_alias_value=
ac_cv_env_host_alias_set=
ac_cv_env_host_alias_value=
ac_cv_env_target_alias_set=
ac_cv_env_target_alias_value=
ac_cv_exeext=
ac_cv_func_strdup=yes
ac_cv_header_stdc=yes
ac_cv_lib_m_cbrt=yes
ac_cv_lib_m_pow=yes
ac_cv_lib_mpi_MPI_Init=no
ac_cv_objext=o
ac_cv_path_CP=/bin/cp
ac_cv_path_MV=/bin/mv
ac_cv_path_RM=/bin/rm
ac_cv_path_TOUCH=/usr/bin/X11/touch
ac_cv_path_install='/usr/bin/X11/install -c'
ac_cv_prog_CXXCPP='g++ -E'
ac_cv_prog_ac_ct_CXX=g++
ac_cv_prog_ac_ct_RANLIB=ranlib
ac_cv_prog_cxx_g=yes
ac_cv_prog_egrep='grep -E'
ac_cv_prog_make_make_set=yes

## ----------------- ##
## Output variables. ##
## ----------------- ##

CP='/bin/cp'
CPPFLAGS=''
CXX='g++'
CXXCPP='g++ -E'
CXXFLAGS='-g -O2 -Wall'
DEFS='-DPACKAGE_NAME=\"\" -DPACKAGE_TARNAME=\"\" -DPACKAGE_VERSION=\"\" -DPACKAGE_STRING=\"\" -DPACKAGE_BUGREPORT=\"\" -DSTDC_HEADERS=1 -DHAVE_STRDUP=1 '
ECHO_C=''
ECHO_N='-n'
ECHO_T=''
EGREP='grep -E'
EXEEXT=''
INSTALL_DATA='${INSTALL} -m 644'
INSTALL_PROGRAM='${INSTALL}'
INSTALL_SCRIPT='${INSTALL}'
LDFLAGS=''
LIBOBJS=''
LIBS=' -lm'
LTLIBOBJS=''
MPICC=''
MV='/bin/mv'
OBJEXT='o'
PACKAGE_BUGREPORT=''
PACKAGE_NAME=''
PACKAGE_STRING=''
PACKAGE_TARNAME=''
PACKAGE_VERSION=''
PATH_SEPARATOR=':'
RANLIB='ranlib'
RM='/bin/rm'
SET_MAKE=''
SHELL='/bin/bash'
TOUCH='/usr/bin/X11/touch'
ac_ct_CXX='g++'
ac_ct_RANLIB='ranlib'
bindir='${exec_prefix}/bin'
build_alias=''
datadir='${prefix}/share'
exec_prefix='${prefix}'
host_alias=''
includedir='${prefix}/include'
infodir='${prefix}/info'
libdir='${exec_prefix}/lib'
libexecdir='${exec_prefix}/libexec'
localstatedir='${prefix}/var'
mandir='${prefix}/man'
oldincludedir='/usr/include'
prefix='/usr/local'
program_transform_name='s,x,x,'
sbindir='${exec_prefix}/sbin'
sharedstatedir='${prefix}/com'
sysconfdir='${prefix}/etc'
target_alias=''

## ----------- ##
## confdefs.h. ##
## ----------- ##

#define HAVE_STRDUP 1
#define PACKAGE_BUGREPORT ""
#define PACKAGE_NAME ""
#define PACKAGE_STRING ""
#define PACKAGE_TARNAME ""
#define PACKAGE_VERSION ""
#define STDC_HEADERS 1
#endif
#ifdef __cplusplus
#include <stdlib.h>

configure: exit 0
